[+] Containers:
 |- [+] Container: /Game/NewMaplabirint
 |   |- [+] ActorDescs:
 |   |   |- Guid:2492445649054E37B683009C59FF6DB8 BaseClass: NativeClass:/Script/Engine.StaticMeshActor Name:StaticMeshActor_UAID_E0D55EE5416DE2C901_2031529193 Label:S_Combiner-pavestone-set-3-red_--_Xlqjcg0qx_xlqjcg0qx_lod3_Var1 SpatiallyLoaded:1 Bounds:IsValid=true, Min=(X=1686.482 Y=2172.072 Z=199.969), Max=(X=1707.484 Y=2184.818 Z=210.060) RuntimeGrid:None EditorOnly:0 RuntimeOnly:0 HLODRelevant:1 ListedInSceneOutliner:1 IsMainWorldOnly:0
 |   |   |- Guid:2CB36ACB4A822E16BF458BB03EB62614 BaseClass: NativeClass:/Script/Engine.WorldDataLayers Name:WorldDataLayers Label:WorldDataLayers SpatiallyLoaded:0 Bounds:Invalid RuntimeGrid:None EditorOnly:0 RuntimeOnly:0 HLODRelevant:0 ListedInSceneOutliner:1 IsMainWorldOnly:1
 |   |   |- Guid:485683744DFDA9D997141DB06A7BE451 BaseClass: NativeClass:/Script/Engine.PointLight Name:PointLight_UAID_E0D55EE5416DEAC201_2055889215 Label:PointLight3 SpatiallyLoaded:1 Bounds:IsValid=true, Min=(X=-4390.000 Y=-2930.000 Z=-660.000), Max=(X=-2390.000 Y=-930.000 Z=1340.000) RuntimeGrid:None EditorOnly:0 RuntimeOnly:0 HLODRelevant:0 ListedInSceneOutliner:1 IsMainWorldOnly:0
 |   |   |- Guid:4911A2D043D228E135A2A29CC41CDFB1 BaseClass: NativeClass:/Script/Engine.PointLight Name:PointLight_UAID_E0D55EE5416DEAC201_2045137214 Label:PointLight2 SpatiallyLoaded:1 Bounds:IsValid=true, Min=(X=-4300.000 Y=-1350.000 Z=-660.000), Max=(X=-2300.000 Y=650.000 Z=1340.000) RuntimeGrid:None EditorOnly:0 RuntimeOnly:0 HLODRelevant:0 ListedInSceneOutliner:1 IsMainWorldOnly:0
 |   |   |- Guid:608C4AF94A13CE5F0B75D8961BE5C764 BaseClass: NativeClass:/Script/Engine.StaticMeshActor Name:StaticMeshActor_UAID_E0D55EE5416DE2C901_2076047195 Label:S_Combiner-pavestone-set-3-red_--_Xlqjcg0qx_xlqjcg0qx_lod3_Var5 SpatiallyLoaded:1 Bounds:IsValid=true, Min=(X=1711.520 Y=2174.675 Z=199.965), Max=(X=1732.524 Y=2187.362 Z=210.063) RuntimeGrid:None EditorOnly:0 RuntimeOnly:0 HLODRelevant:1 ListedInSceneOutliner:1 IsMainWorldOnly:0
 |   |   |- Guid:681F16A94747D44F2609FC8BD33193F2 BaseClass: NativeClass:/Script/Engine.StaticMeshActor Name:StaticMeshActor_UAID_E0D55EE5416DE2C901_2054075194 Label:S_Combiner-pavestone-set-3-red_--_Xlqjcg0qx_xlqjcg0qx_lod3_Var2 SpatiallyLoaded:1 Bounds:IsValid=true, Min=(X=1655.945 Y=2172.397 Z=199.998), Max=(X=1680.108 Y=2195.549 Z=210.039) RuntimeGrid:None EditorOnly:0 RuntimeOnly:0 HLODRelevant:1 ListedInSceneOutliner:1 IsMainWorldOnly:0
 |   |   |- Guid:6B34BFCB463EF6869AAAF890C605CDAA BaseClass: NativeClass:/Script/Engine.PointLight Name:PointLight_UAID_E0D55EE5416DE1C901_1320441015 Label:PointLight4 SpatiallyLoaded:1 Bounds:IsValid=true, Min=(X=-396.000 Y=1609.000 Z=-888.000), Max=(X=1604.000 Y=3609.000 Z=1112.000) RuntimeGrid:None EditorOnly:0 RuntimeOnly:0 HLODRelevant:0 ListedInSceneOutliner:1 IsMainWorldOnly:0
 |   |   |- Guid:7C78D7994D892DB99A0CC2AB12C6A819 BaseClass: NativeClass:/Script/Engine.DirectionalLight Name:DirectionalLight_UAID_E0D55EE5416DE9C201_1816067032 Label:DirectionalLight SpatiallyLoaded:0 Bounds:IsValid=true, Min=(X=-4398046511104.000 Y=-4398046511104.000 Z=-4398046511104.000), Max=(X=4398046511104.000 Y=4398046511104.000 Z=4398046511104.000) RuntimeGrid:None EditorOnly:0 RuntimeOnly:0 HLODRelevant:0 ListedInSceneOutliner:1 IsMainWorldOnly:0
 |   |   |- Guid:8774A2664A8E1CB3D57C7DBAAF5100A9 BaseClass: NativeClass:/Script/Engine.StaticMeshActor Name:StaticMeshActor_UAID_E0D55EE5416D7EC501_1284767367 Label:CubeGridToolOutput2 SpatiallyLoaded:1 Bounds:IsValid=true, Min=(X=-2650.000 Y=1670.000 Z=0.000), Max=(X=3850.000 Y=3170.000 Z=600.000) RuntimeGrid:None EditorOnly:0 RuntimeOnly:0 HLODRelevant:1 ListedInSceneOutliner:1 IsMainWorldOnly:0
 |   |   |- Guid:8E0889B64FC9807C10C0DCB6AA0BDF8B BaseClass: NativeClass:/Script/Engine.SkyAtmosphere Name:SkyAtmosphere_UAID_E0D55EE5416DE9C201_1846169033 Label:SkyAtmosphere SpatiallyLoaded:0 Bounds:IsValid=true, Min=(X=1100.000 Y=-1240.000 Z=920.000), Max=(X=1100.000 Y=-1240.000 Z=920.000) RuntimeGrid:None EditorOnly:0 RuntimeOnly:0 HLODRelevant:0 ListedInSceneOutliner:1 IsMainWorldOnly:0
 |   |   |- Guid:96E10244441F43A7621E8EA357603F62 BaseClass: NativeClass:/Script/Engine.StaticMeshActor Name:StaticMeshActor_UAID_E0D55EE5416DE9C201_2021946035 Label:CubeGridToolOutput SpatiallyLoaded:1 Bounds:IsValid=true, Min=(X=-4400.000 Y=-2200.000 Z=0.000), Max=(X=2700.000 Y=0.000 Z=700.000) RuntimeGrid:None EditorOnly:0 RuntimeOnly:0 HLODRelevant:1 ListedInSceneOutliner:1 IsMainWorldOnly:0
 |   |   |- Guid:AEE4F41B4BBED0CC75A591930A2F0A58 BaseClass: NativeClass:/Script/Engine.StaticMeshActor Name:StaticMeshActor_UAID_E0D55EE5416DE2C901_1077243192 Label:S_Old_Wooden_Log_wcjgbc1_lod3_Var1 SpatiallyLoaded:1 Bounds:IsValid=true, Min=(X=-1644.838 Y=2724.928 Z=73.957), Max=(X=-1379.154 Y=2789.216 Z=166.072) RuntimeGrid:None EditorOnly:0 RuntimeOnly:0 HLODRelevant:1 ListedInSceneOutliner:1 IsMainWorldOnly:0
 |   |   |- Guid:D022908F4263FD07A185A2AA1CA4EF76 BaseClass:/Game/ThirdPerson/Blueprints/BP_ThirdPersonCharacter.BP_ThirdPersonCharacter_C NativeClass:/Script/Engine.Character Name:BP_ThirdPersonCharacter_C_UAID_E0D55EE5416DE3C901_1177163372 Label:BP_ThirdPersonCharacter SpatiallyLoaded:1 Bounds:IsValid=true, Min=(X=2317.000 Y=2731.000 Z=99.854), Max=(X=2389.591 Y=2801.000 Z=280.336) RuntimeGrid:None EditorOnly:0 RuntimeOnly:0 HLODRelevant:0 ListedInSceneOutliner:1 IsMainWorldOnly:0
 |   |   |- Guid:F81891A046DE3409A0CA9D886B34207A BaseClass: NativeClass:/Script/Engine.PointLight Name:PointLight_UAID_E0D55EE5416DEAC201_2011977213 Label:PointLight SpatiallyLoaded:1 Bounds:IsValid=true, Min=(X=-5090.000 Y=-2130.000 Z=-660.000), Max=(X=-3090.000 Y=-130.000 Z=1340.000) RuntimeGrid:None EditorOnly:0 RuntimeOnly:0 HLODRelevant:0 ListedInSceneOutliner:1 IsMainWorldOnly:0
 |   |- [+] Clusters:
 |   |   |- [+] [  0]
 |   |   |   |- Guid:2492445649054E37B683009C59FF6DB8 BaseClass: NativeClass:/Script/Engine.StaticMeshActor Name:StaticMeshActor_UAID_E0D55EE5416DE2C901_2031529193 Label:S_Combiner-pavestone-set-3-red_--_Xlqjcg0qx_xlqjcg0qx_lod3_Var1 SpatiallyLoaded:1 Bounds:IsValid=true, Min=(X=1686.482 Y=2172.072 Z=199.969), Max=(X=1707.484 Y=2184.818 Z=210.060) RuntimeGrid:None EditorOnly:0 RuntimeOnly:0 HLODRelevant:1 ListedInSceneOutliner:1 IsMainWorldOnly:0
 |   |   |- [+] [  1]
 |   |   |   |- Guid:2CB36ACB4A822E16BF458BB03EB62614 BaseClass: NativeClass:/Script/Engine.WorldDataLayers Name:WorldDataLayers Label:WorldDataLayers SpatiallyLoaded:0 Bounds:Invalid RuntimeGrid:None EditorOnly:0 RuntimeOnly:0 HLODRelevant:0 ListedInSceneOutliner:1 IsMainWorldOnly:1
 |   |   |- [+] [  2]
 |   |   |   |- Guid:485683744DFDA9D997141DB06A7BE451 BaseClass: NativeClass:/Script/Engine.PointLight Name:PointLight_UAID_E0D55EE5416DEAC201_2055889215 Label:PointLight3 SpatiallyLoaded:1 Bounds:IsValid=true, Min=(X=-4390.000 Y=-2930.000 Z=-660.000), Max=(X=-2390.000 Y=-930.000 Z=1340.000) RuntimeGrid:None EditorOnly:0 RuntimeOnly:0 HLODRelevant:0 ListedInSceneOutliner:1 IsMainWorldOnly:0
 |   |   |- [+] [  3]
 |   |   |   |- Guid:4911A2D043D228E135A2A29CC41CDFB1 BaseClass: NativeClass:/Script/Engine.PointLight Name:PointLight_UAID_E0D55EE5416DEAC201_2045137214 Label:PointLight2 SpatiallyLoaded:1 Bounds:IsValid=true, Min=(X=-4300.000 Y=-1350.000 Z=-660.000), Max=(X=-2300.000 Y=650.000 Z=1340.000) RuntimeGrid:None EditorOnly:0 RuntimeOnly:0 HLODRelevant:0 ListedInSceneOutliner:1 IsMainWorldOnly:0
 |   |   |- [+] [  4]
 |   |   |   |- Guid:608C4AF94A13CE5F0B75D8961BE5C764 BaseClass: NativeClass:/Script/Engine.StaticMeshActor Name:StaticMeshActor_UAID_E0D55EE5416DE2C901_2076047195 Label:S_Combiner-pavestone-set-3-red_--_Xlqjcg0qx_xlqjcg0qx_lod3_Var5 SpatiallyLoaded:1 Bounds:IsValid=true, Min=(X=1711.520 Y=2174.675 Z=199.965), Max=(X=1732.524 Y=2187.362 Z=210.063) RuntimeGrid:None EditorOnly:0 RuntimeOnly:0 HLODRelevant:1 ListedInSceneOutliner:1 IsMainWorldOnly:0
 |   |   |- [+] [  5]
 |   |   |   |- Guid:681F16A94747D44F2609FC8BD33193F2 BaseClass: NativeClass:/Script/Engine.StaticMeshActor Name:StaticMeshActor_UAID_E0D55EE5416DE2C901_2054075194 Label:S_Combiner-pavestone-set-3-red_--_Xlqjcg0qx_xlqjcg0qx_lod3_Var2 SpatiallyLoaded:1 Bounds:IsValid=true, Min=(X=1655.945 Y=2172.397 Z=199.998), Max=(X=1680.108 Y=2195.549 Z=210.039) RuntimeGrid:None EditorOnly:0 RuntimeOnly:0 HLODRelevant:1 ListedInSceneOutliner:1 IsMainWorldOnly:0
 |   |   |- [+] [  6]
 |   |   |   |- Guid:6B34BFCB463EF6869AAAF890C605CDAA BaseClass: NativeClass:/Script/Engine.PointLight Name:PointLight_UAID_E0D55EE5416DE1C901_1320441015 Label:PointLight4 SpatiallyLoaded:1 Bounds:IsValid=true, Min=(X=-396.000 Y=1609.000 Z=-888.000), Max=(X=1604.000 Y=3609.000 Z=1112.000) RuntimeGrid:None EditorOnly:0 RuntimeOnly:0 HLODRelevant:0 ListedInSceneOutliner:1 IsMainWorldOnly:0
 |   |   |- [+] [  7]
 |   |   |   |- Guid:7C78D7994D892DB99A0CC2AB12C6A819 BaseClass: NativeClass:/Script/Engine.DirectionalLight Name:DirectionalLight_UAID_E0D55EE5416DE9C201_1816067032 Label:DirectionalLight SpatiallyLoaded:0 Bounds:IsValid=true, Min=(X=-4398046511104.000 Y=-4398046511104.000 Z=-4398046511104.000), Max=(X=4398046511104.000 Y=4398046511104.000 Z=4398046511104.000) RuntimeGrid:None EditorOnly:0 RuntimeOnly:0 HLODRelevant:0 ListedInSceneOutliner:1 IsMainWorldOnly:0
 |   |   |- [+] [  8]
 |   |   |   |- Guid:8774A2664A8E1CB3D57C7DBAAF5100A9 BaseClass: NativeClass:/Script/Engine.StaticMeshActor Name:StaticMeshActor_UAID_E0D55EE5416D7EC501_1284767367 Label:CubeGridToolOutput2 SpatiallyLoaded:1 Bounds:IsValid=true, Min=(X=-2650.000 Y=1670.000 Z=0.000), Max=(X=3850.000 Y=3170.000 Z=600.000) RuntimeGrid:None EditorOnly:0 RuntimeOnly:0 HLODRelevant:1 ListedInSceneOutliner:1 IsMainWorldOnly:0
 |   |   |- [+] [  9]
 |   |   |   |- Guid:8E0889B64FC9807C10C0DCB6AA0BDF8B BaseClass: NativeClass:/Script/Engine.SkyAtmosphere Name:SkyAtmosphere_UAID_E0D55EE5416DE9C201_1846169033 Label:SkyAtmosphere SpatiallyLoaded:0 Bounds:IsValid=true, Min=(X=1100.000 Y=-1240.000 Z=920.000), Max=(X=1100.000 Y=-1240.000 Z=920.000) RuntimeGrid:None EditorOnly:0 RuntimeOnly:0 HLODRelevant:0 ListedInSceneOutliner:1 IsMainWorldOnly:0
 |   |   |- [+] [ 10]
 |   |   |   |- Guid:96E10244441F43A7621E8EA357603F62 BaseClass: NativeClass:/Script/Engine.StaticMeshActor Name:StaticMeshActor_UAID_E0D55EE5416DE9C201_2021946035 Label:CubeGridToolOutput SpatiallyLoaded:1 Bounds:IsValid=true, Min=(X=-4400.000 Y=-2200.000 Z=0.000), Max=(X=2700.000 Y=0.000 Z=700.000) RuntimeGrid:None EditorOnly:0 RuntimeOnly:0 HLODRelevant:1 ListedInSceneOutliner:1 IsMainWorldOnly:0
 |   |   |- [+] [ 11]
 |   |   |   |- Guid:AEE4F41B4BBED0CC75A591930A2F0A58 BaseClass: NativeClass:/Script/Engine.StaticMeshActor Name:StaticMeshActor_UAID_E0D55EE5416DE2C901_1077243192 Label:S_Old_Wooden_Log_wcjgbc1_lod3_Var1 SpatiallyLoaded:1 Bounds:IsValid=true, Min=(X=-1644.838 Y=2724.928 Z=73.957), Max=(X=-1379.154 Y=2789.216 Z=166.072) RuntimeGrid:None EditorOnly:0 RuntimeOnly:0 HLODRelevant:1 ListedInSceneOutliner:1 IsMainWorldOnly:0
 |   |   |- [+] [ 12]
 |   |   |   |- Guid:D022908F4263FD07A185A2AA1CA4EF76 BaseClass:/Game/ThirdPerson/Blueprints/BP_ThirdPersonCharacter.BP_ThirdPersonCharacter_C NativeClass:/Script/Engine.Character Name:BP_ThirdPersonCharacter_C_UAID_E0D55EE5416DE3C901_1177163372 Label:BP_ThirdPersonCharacter SpatiallyLoaded:1 Bounds:IsValid=true, Min=(X=2317.000 Y=2731.000 Z=99.854), Max=(X=2389.591 Y=2801.000 Z=280.336) RuntimeGrid:None EditorOnly:0 RuntimeOnly:0 HLODRelevant:0 ListedInSceneOutliner:1 IsMainWorldOnly:0
 |   |   |- [+] [ 13]
 |   |   |   |- Guid:F81891A046DE3409A0CA9D886B34207A BaseClass: NativeClass:/Script/Engine.PointLight Name:PointLight_UAID_E0D55EE5416DEAC201_2011977213 Label:PointLight SpatiallyLoaded:1 Bounds:IsValid=true, Min=(X=-5090.000 Y=-2130.000 Z=-660.000), Max=(X=-3090.000 Y=-130.000 Z=1340.000) RuntimeGrid:None EditorOnly:0 RuntimeOnly:0 HLODRelevant:0 ListedInSceneOutliner:1 IsMainWorldOnly:0
 |- ContainerInstances:
 |- [+] MainContainer:
 |   |-        ID: 00000000000000000000000000000000
 |   |-  ParentID: 00000000000000000000000000000000
 |   |-    Bounds: IsValid=true, Min=(X=-5090.000 Y=-2930.000 Z=-888.000), Max=(X=3850.000 Y=3609.000 Z=1340.000)
 |   |- Transform: 0.000000,0.000000,0.000000|0.000000,0.000000,-0.000000|1.000000,1.000000,1.000000
 |   |- Container: /Game/NewMaplabirint
----------------------------------------------------------------------------------------------------------------
NewMaplabirint - Persistent Level
----------------------------------------------------------------------------------------------------------------
[+] Content of NewMaplabirint Persistent Level
 |- Always loaded Actor Count: 21 
 |- Actor Path: /Game/NewMaplabirint.NewMaplabirint:PersistentLevel.AbstractNavData-Default
 |- Actor Package: /Game/NewMaplabirint
 |- Actor Path: /Game/NewMaplabirint.NewMaplabirint:PersistentLevel.BP_ThirdPersonCharacter_C_UAID_E0D55EE5416DE3C901_1177163372
 |- Actor Package: /Game/__ExternalActors__/NewMaplabirint/D/FK/QN1OKMZRSXHZT8IFD420CH
 |- Actor Path: /Game/NewMaplabirint.NewMaplabirint:PersistentLevel.Brush_0
 |- Actor Package: /Game/NewMaplabirint
 |- Actor Path: /Game/NewMaplabirint.NewMaplabirint:PersistentLevel.CombinedTransformGizmoActor_0
 |- Actor Package: /Game/NewMaplabirint
 |- Actor Path: /Game/NewMaplabirint.NewMaplabirint:PersistentLevel.DefaultPhysicsVolume_0
 |- Actor Package: /Game/NewMaplabirint
 |- Actor Path: /Game/NewMaplabirint.NewMaplabirint:PersistentLevel.DirectionalLight_UAID_E0D55EE5416DE9C201_1816067032
 |- Actor Package: /Game/__ExternalActors__/NewMaplabirint/E/5V/SHZ2DLPLEWGJXERZRYIROH
 |- Actor Path: /Game/NewMaplabirint.NewMaplabirint:PersistentLevel.GameplayDebuggerPlayerManager_0
 |- Actor Package: /Game/NewMaplabirint
 |- Actor Path: /Game/NewMaplabirint.NewMaplabirint:PersistentLevel.PointLight_UAID_E0D55EE5416DE1C901_1320441015
 |- Actor Package: /Game/__ExternalActors__/NewMaplabirint/7/VI/5FKVGG39N8L03REYO1JSB7
 |- Actor Path: /Game/NewMaplabirint.NewMaplabirint:PersistentLevel.PointLight_UAID_E0D55EE5416DEAC201_2011977213
 |- Actor Package: /Game/__ExternalActors__/NewMaplabirint/F/4T/BXBH3BB3VMXSBI7TNTEAJB
 |- Actor Path: /Game/NewMaplabirint.NewMaplabirint:PersistentLevel.PointLight_UAID_E0D55EE5416DEAC201_2045137214
 |- Actor Package: /Game/__ExternalActors__/NewMaplabirint/6/GM/DZ8N3MF8E1GHT8GXQREKGQ
 |- Actor Path: /Game/NewMaplabirint.NewMaplabirint:PersistentLevel.PointLight_UAID_E0D55EE5416DEAC201_2055889215
 |- Actor Package: /Game/__ExternalActors__/NewMaplabirint/E/HL/PMO6UY3SL6O3MG837QKI65
 |- Actor Path: /Game/NewMaplabirint.NewMaplabirint:PersistentLevel.SkyAtmosphere_UAID_E0D55EE5416DE9C201_1846169033
 |- Actor Package: /Game/__ExternalActors__/NewMaplabirint/D/8N/GH8P2O0C1QU52AR8J8GJVH
 |- Actor Path: /Game/NewMaplabirint.NewMaplabirint:PersistentLevel.StaticMeshActor_UAID_E0D55EE5416D7EC501_1284767367
 |- Actor Package: /Game/__ExternalActors__/NewMaplabirint/C/EC/O125ECCYPXE85BOA88ZKQH
 |- Actor Path: /Game/NewMaplabirint.NewMaplabirint:PersistentLevel.StaticMeshActor_UAID_E0D55EE5416DE2C901_1077243192
 |- Actor Package: /Game/__ExternalActors__/NewMaplabirint/4/W7/AJMECBKIHGVY547N20PNQY
 |- Actor Path: /Game/NewMaplabirint.NewMaplabirint:PersistentLevel.StaticMeshActor_UAID_E0D55EE5416DE2C901_2031529193
 |- Actor Package: /Game/__ExternalActors__/NewMaplabirint/C/KV/CQIOFFGYDVQGZBG0P4IO3Z
 |- Actor Path: /Game/NewMaplabirint.NewMaplabirint:PersistentLevel.StaticMeshActor_UAID_E0D55EE5416DE2C901_2054075194
 |- Actor Package: /Game/__ExternalActors__/NewMaplabirint/8/T5/LWHXIA5U1JKYKXT4T5FOPV
 |- Actor Path: /Game/NewMaplabirint.NewMaplabirint:PersistentLevel.StaticMeshActor_UAID_E0D55EE5416DE2C901_2076047195
 |- Actor Package: /Game/__ExternalActors__/NewMaplabirint/8/FA/HS0WDVA1MNLRF723O9ZQUH
 |- Actor Path: /Game/NewMaplabirint.NewMaplabirint:PersistentLevel.StaticMeshActor_UAID_E0D55EE5416DE9C201_2021946035
 |- Actor Package: /Game/__ExternalActors__/NewMaplabirint/7/5Q/K9NCFGOLR72BG1G572O4R3
 |- Actor Path: /Game/NewMaplabirint.NewMaplabirint:PersistentLevel.WorldDataLayers
 |- Actor Package: /Game/__ExternalActors__/NewMaplabirint/B/3Z/UVGD5YSYV68BDHWBFT2FBT
 |- Actor Path: /Game/NewMaplabirint.NewMaplabirint:PersistentLevel.WorldPartitionMiniMap_UAID_E0D55EE5416DE9C201_1800025031
 |- Actor Package: /Game/__ExternalActors__/NewMaplabirint/4/W6/79WYINAMHYZB3WSDP6ZFI7
 |- Actor Path: /Game/NewMaplabirint.NewMaplabirint:PersistentLevel.WorldSettings
 |- Actor Package: /Game/NewMaplabirint

----------------------------------------------------------------------------------------------------------------
NewMaplabirint - Runtime Spatial Hash - Streaming Grid - MainGrid
----------------------------------------------------------------------------------------------------------------
            Origin: X=0.000 Y=0.000 Z=0.000
         Cell Size: 12800
      World Bounds: IsValid=true, Min=(X=-5090.000 Y=-2930.000 Z=-888.000), Max=(X=3850.000 Y=3609.000 Z=1340.000)
     Loading Range: 25600.00
Block Slow Loading: No
 ClientOnlyVisible: No
            Origin: X=0.000 Y=0.000 Z=0.000

[+] Grid Levels: 2
 |- Level  0: Cell Count    1 | Cell Size   12800 | Actor Count   11 (100.0%)
 |- Level  1: Cell Count    0 | Cell Size   25600 | Actor Count    0 (0.0%)

[+] Content of Grid Level 0
 |- [+] Content of Cell NewMaplabirint_MainGrid_L0_X0_Y0 (0QC1XU736JVLVOEEMJWN78GV6)
 |   |- Actor Count: 11
 |   |-          Actor Path: /Game/NewMaplabirint.NewMaplabirint:PersistentLevel.StaticMeshActor_UAID_E0D55EE5416DE2C901_2031529193
 |   |-       Actor Package: /Game/__ExternalActors__/NewMaplabirint/C/KV/CQIOFFGYDVQGZBG0P4IO3Z
 |   |- Actor Instance Guid: 2492445649054E37B683009C59FF6DB8
 |   |-          Actor Path: /Game/NewMaplabirint.NewMaplabirint:PersistentLevel.PointLight_UAID_E0D55EE5416DEAC201_2055889215
 |   |-       Actor Package: /Game/__ExternalActors__/NewMaplabirint/E/HL/PMO6UY3SL6O3MG837QKI65
 |   |- Actor Instance Guid: 485683744DFDA9D997141DB06A7BE451
 |   |-          Actor Path: /Game/NewMaplabirint.NewMaplabirint:PersistentLevel.PointLight_UAID_E0D55EE5416DEAC201_2045137214
 |   |-       Actor Package: /Game/__ExternalActors__/NewMaplabirint/6/GM/DZ8N3MF8E1GHT8GXQREKGQ
 |   |- Actor Instance Guid: 4911A2D043D228E135A2A29CC41CDFB1
 |   |-          Actor Path: /Game/NewMaplabirint.NewMaplabirint:PersistentLevel.StaticMeshActor_UAID_E0D55EE5416DE2C901_2076047195
 |   |-       Actor Package: /Game/__ExternalActors__/NewMaplabirint/8/FA/HS0WDVA1MNLRF723O9ZQUH
 |   |- Actor Instance Guid: 608C4AF94A13CE5F0B75D8961BE5C764
 |   |-          Actor Path: /Game/NewMaplabirint.NewMaplabirint:PersistentLevel.StaticMeshActor_UAID_E0D55EE5416DE2C901_2054075194
 |   |-       Actor Package: /Game/__ExternalActors__/NewMaplabirint/8/T5/LWHXIA5U1JKYKXT4T5FOPV
 |   |- Actor Instance Guid: 681F16A94747D44F2609FC8BD33193F2
 |   |-          Actor Path: /Game/NewMaplabirint.NewMaplabirint:PersistentLevel.PointLight_UAID_E0D55EE5416DE1C901_1320441015
 |   |-       Actor Package: /Game/__ExternalActors__/NewMaplabirint/7/VI/5FKVGG39N8L03REYO1JSB7
 |   |- Actor Instance Guid: 6B34BFCB463EF6869AAAF890C605CDAA
 |   |-          Actor Path: /Game/NewMaplabirint.NewMaplabirint:PersistentLevel.StaticMeshActor_UAID_E0D55EE5416D7EC501_1284767367
 |   |-       Actor Package: /Game/__ExternalActors__/NewMaplabirint/C/EC/O125ECCYPXE85BOA88ZKQH
 |   |- Actor Instance Guid: 8774A2664A8E1CB3D57C7DBAAF5100A9
 |   |-          Actor Path: /Game/NewMaplabirint.NewMaplabirint:PersistentLevel.StaticMeshActor_UAID_E0D55EE5416DE9C201_2021946035
 |   |-       Actor Package: /Game/__ExternalActors__/NewMaplabirint/7/5Q/K9NCFGOLR72BG1G572O4R3
 |   |- Actor Instance Guid: 96E10244441F43A7621E8EA357603F62
 |   |-          Actor Path: /Game/NewMaplabirint.NewMaplabirint:PersistentLevel.StaticMeshActor_UAID_E0D55EE5416DE2C901_1077243192
 |   |-       Actor Package: /Game/__ExternalActors__/NewMaplabirint/4/W7/AJMECBKIHGVY547N20PNQY
 |   |- Actor Instance Guid: AEE4F41B4BBED0CC75A591930A2F0A58
 |   |-          Actor Path: /Game/NewMaplabirint.NewMaplabirint:PersistentLevel.BP_ThirdPersonCharacter_C_UAID_E0D55EE5416DE3C901_1177163372
 |   |-       Actor Package: /Game/__ExternalActors__/NewMaplabirint/D/FK/QN1OKMZRSXHZT8IFD420CH
 |   |- Actor Instance Guid: D022908F4263FD07A185A2AA1CA4EF76
 |   |-          Actor Path: /Game/NewMaplabirint.NewMaplabirint:PersistentLevel.PointLight_UAID_E0D55EE5416DEAC201_2011977213
 |   |-       Actor Package: /Game/__ExternalActors__/NewMaplabirint/F/4T/BXBH3BB3VMXSBI7TNTEAJB
 |   |- Actor Instance Guid: F81891A046DE3409A0CA9D886B34207A
[+] Content of Grid Level 1

